[2014/07/01 03:34:57][info] Performing Backup for 'Description for cityspade_db (cityspade_db)'!
[2014/07/01 03:34:57][info] [ backup 4.0.1 : ruby 2.1.0p0 (2013-12-25 revision 44422) [x86_64-linux] ]
[2014/07/01 03:34:57][info] Database::MySQL Started...
[2014/07/01 03:34:57][info] Using Compressor::Gzip for compression.
[2014/07/01 03:34:57][info]   Command: '/bin/gzip'
[2014/07/01 03:34:57][info]   Ext: '.gz'
[2014/07/01 03:34:57][error] Model::Error: Backup for Description for cityspade_db (cityspade_db) Failed!
[2014/07/01 03:34:57][error] --- Wrapped Exception ---
[2014/07/01 03:34:57][error] Database::MySQL::Error: Dump Failed!
[2014/07/01 03:34:57][error]   Pipeline STDERR Messages:
[2014/07/01 03:34:57][error]   (Note: may be interleaved if multiple commands returned error messages)
[2014/07/01 03:34:57][error]   
[2014/07/01 03:34:57][error]   mysqldump: Got error: 2002: Can't connect to local MySQL server through socket '/tmp/mysql.sock' (2) when trying to connect
[2014/07/01 03:34:57][error]   The following system errors were returned:
[2014/07/01 03:34:57][error]   Errno::ENOENT: No such file or directory - 'mysqldump' returned exit code: 2
[2014/07/01 03:34:57][error] 
[2014/07/01 03:34:57][error] Backtrace:
[2014/07/01 03:34:57][error]   /home/ec2-user/.rvm/gems/ruby-2.1.0/gems/backup-4.0.1/lib/backup/database/mysql.rb:70:in `perform!'
[2014/07/01 03:34:57][error]   /home/ec2-user/.rvm/gems/ruby-2.1.0/gems/backup-4.0.1/lib/backup/model.rb:269:in `each'
[2014/07/01 03:34:57][error]   /home/ec2-user/.rvm/gems/ruby-2.1.0/gems/backup-4.0.1/lib/backup/model.rb:269:in `block in perform!'
[2014/07/01 03:34:57][error]   /home/ec2-user/.rvm/gems/ruby-2.1.0/gems/backup-4.0.1/lib/backup/model.rb:268:in `each'
[2014/07/01 03:34:57][error]   /home/ec2-user/.rvm/gems/ruby-2.1.0/gems/backup-4.0.1/lib/backup/model.rb:268:in `perform!'
[2014/07/01 03:34:57][error]   /home/ec2-user/.rvm/gems/ruby-2.1.0/gems/backup-4.0.1/lib/backup/cli.rb:153:in `perform'
[2014/07/01 03:34:57][error]   /home/ec2-user/.rvm/gems/ruby-2.1.0/gems/thor-0.18.1/lib/thor/command.rb:27:in `run'
[2014/07/01 03:34:57][error]   /home/ec2-user/.rvm/gems/ruby-2.1.0/gems/thor-0.18.1/lib/thor/invocation.rb:120:in `invoke_command'
[2014/07/01 03:34:57][error]   /home/ec2-user/.rvm/gems/ruby-2.1.0/gems/thor-0.18.1/lib/thor.rb:363:in `dispatch'
[2014/07/01 03:34:57][error]   /home/ec2-user/.rvm/gems/ruby-2.1.0/gems/thor-0.18.1/lib/thor/base.rb:439:in `start'
[2014/07/01 03:34:57][error]   /home/ec2-user/.rvm/gems/ruby-2.1.0/gems/backup-4.0.1/bin/backup:5:in `<top (required)>'
[2014/07/01 03:34:57][error]   /home/ec2-user/.rvm/gems/ruby-2.1.0/bin/backup:23:in `load'
[2014/07/01 03:34:57][error]   /home/ec2-user/.rvm/gems/ruby-2.1.0/bin/backup:23:in `<main>'
[2014/07/01 03:34:57][error]   /home/ec2-user/.rvm/gems/ruby-2.1.0/bin/ruby_executable_hooks:15:in `eval'
[2014/07/01 03:34:57][error]   /home/ec2-user/.rvm/gems/ruby-2.1.0/bin/ruby_executable_hooks:15:in `<main>'
[2014/07/01 03:34:57][warn] Cleaner::Error: Cleanup Warning
[2014/07/01 03:34:57][warn]   The temporary packaging folder still exists!
[2014/07/01 03:34:57][warn]   '/home/ec2-user/Backup/.tmp/cityspade_db'
[2014/07/01 03:34:57][warn]   This folder may contain completed Archives and/or Database backups.
[2014/07/01 03:34:57][warn]   
[2014/07/01 03:34:57][warn]   Make sure you check these files before the next scheduled backup for
[2014/07/01 03:34:57][warn]   'Description for cityspade_db (cityspade_db)'
[2014/07/01 03:34:57][warn]   These files will be removed at that time!
[2014/07/01 03:34:57][info] Sending notification using Notifier::Mail...
[2014/07/01 03:35:44][info] Performing Backup for 'Description for cityspade_db (cityspade_db)'!
[2014/07/01 03:35:44][info] [ backup 4.0.1 : ruby 2.1.0p0 (2013-12-25 revision 44422) [x86_64-linux] ]
[2014/07/01 03:35:44][warn] Cleaner::Error: Cleanup Warning
[2014/07/01 03:35:44][warn]   The temporary packaging folder still exists!
[2014/07/01 03:35:44][warn]   '/home/ec2-user/Backup/.tmp/cityspade_db'
[2014/07/01 03:35:44][warn]   It will now be removed.
[2014/07/01 03:35:44][warn]   
[2014/07/01 03:35:44][warn]   Please check the log for messages and/or your notifications
[2014/07/01 03:35:44][warn]   concerning this backup: 'Description for cityspade_db (cityspade_db)'
[2014/07/01 03:35:44][warn]   The temporary files which had to be removed should not have existed.
[2014/07/01 03:35:44][info] Database::MySQL Started...
[2014/07/01 03:35:44][info] Using Compressor::Gzip for compression.
[2014/07/01 03:35:44][info]   Command: '/bin/gzip'
[2014/07/01 03:35:44][info]   Ext: '.gz'
[2014/07/01 03:35:44][error] Model::Error: Backup for Description for cityspade_db (cityspade_db) Failed!
[2014/07/01 03:35:44][error] --- Wrapped Exception ---
[2014/07/01 03:35:44][error] Database::MySQL::Error: Dump Failed!
[2014/07/01 03:35:44][error]   Pipeline STDERR Messages:
[2014/07/01 03:35:44][error]   (Note: may be interleaved if multiple commands returned error messages)
[2014/07/01 03:35:44][error]   
[2014/07/01 03:35:44][error]   mysqldump: Got error: 2002: Can't connect to local MySQL server through socket '/tmp/mysql.sock' (2) when trying to connect
[2014/07/01 03:35:44][error]   The following system errors were returned:
[2014/07/01 03:35:44][error]   Errno::ENOENT: No such file or directory - 'mysqldump' returned exit code: 2
[2014/07/01 03:35:44][error] 
[2014/07/01 03:35:44][error] Backtrace:
[2014/07/01 03:35:44][error]   /home/ec2-user/.rvm/gems/ruby-2.1.0/gems/backup-4.0.1/lib/backup/database/mysql.rb:70:in `perform!'
[2014/07/01 03:35:44][error]   /home/ec2-user/.rvm/gems/ruby-2.1.0/gems/backup-4.0.1/lib/backup/model.rb:269:in `each'
[2014/07/01 03:35:44][error]   /home/ec2-user/.rvm/gems/ruby-2.1.0/gems/backup-4.0.1/lib/backup/model.rb:269:in `block in perform!'
[2014/07/01 03:35:44][error]   /home/ec2-user/.rvm/gems/ruby-2.1.0/gems/backup-4.0.1/lib/backup/model.rb:268:in `each'
[2014/07/01 03:35:44][error]   /home/ec2-user/.rvm/gems/ruby-2.1.0/gems/backup-4.0.1/lib/backup/model.rb:268:in `perform!'
[2014/07/01 03:35:44][error]   /home/ec2-user/.rvm/gems/ruby-2.1.0/gems/backup-4.0.1/lib/backup/cli.rb:153:in `perform'
[2014/07/01 03:35:44][error]   /home/ec2-user/.rvm/gems/ruby-2.1.0/gems/thor-0.18.1/lib/thor/command.rb:27:in `run'
[2014/07/01 03:35:44][error]   /home/ec2-user/.rvm/gems/ruby-2.1.0/gems/thor-0.18.1/lib/thor/invocation.rb:120:in `invoke_command'
[2014/07/01 03:35:44][error]   /home/ec2-user/.rvm/gems/ruby-2.1.0/gems/thor-0.18.1/lib/thor.rb:363:in `dispatch'
[2014/07/01 03:35:44][error]   /home/ec2-user/.rvm/gems/ruby-2.1.0/gems/thor-0.18.1/lib/thor/base.rb:439:in `start'
[2014/07/01 03:35:44][error]   /home/ec2-user/.rvm/gems/ruby-2.1.0/gems/backup-4.0.1/bin/backup:5:in `<top (required)>'
[2014/07/01 03:35:44][error]   /home/ec2-user/.rvm/gems/ruby-2.1.0/bin/backup:23:in `load'
[2014/07/01 03:35:44][error]   /home/ec2-user/.rvm/gems/ruby-2.1.0/bin/backup:23:in `<main>'
[2014/07/01 03:35:44][error]   /home/ec2-user/.rvm/gems/ruby-2.1.0/bin/ruby_executable_hooks:15:in `eval'
[2014/07/01 03:35:44][error]   /home/ec2-user/.rvm/gems/ruby-2.1.0/bin/ruby_executable_hooks:15:in `<main>'
[2014/07/01 03:35:44][warn] Cleaner::Error: Cleanup Warning
[2014/07/01 03:35:44][warn]   The temporary packaging folder still exists!
[2014/07/01 03:35:44][warn]   '/home/ec2-user/Backup/.tmp/cityspade_db'
[2014/07/01 03:35:44][warn]   This folder may contain completed Archives and/or Database backups.
[2014/07/01 03:35:44][warn]   
[2014/07/01 03:35:44][warn]   Make sure you check these files before the next scheduled backup for
[2014/07/01 03:35:44][warn]   'Description for cityspade_db (cityspade_db)'
[2014/07/01 03:35:44][warn]   These files will be removed at that time!
[2014/07/01 03:35:44][info] Sending notification using Notifier::Mail...
[2014/07/01 03:37:05][info] Performing Backup for 'Description for cityspade_db (cityspade_db)'!
[2014/07/01 03:37:05][info] [ backup 4.0.1 : ruby 2.1.0p0 (2013-12-25 revision 44422) [x86_64-linux] ]
[2014/07/01 03:37:05][warn] Cleaner::Error: Cleanup Warning
[2014/07/01 03:37:05][warn]   The temporary packaging folder still exists!
[2014/07/01 03:37:05][warn]   '/home/ec2-user/Backup/.tmp/cityspade_db'
[2014/07/01 03:37:05][warn]   It will now be removed.
[2014/07/01 03:37:05][warn]   
[2014/07/01 03:37:05][warn]   Please check the log for messages and/or your notifications
[2014/07/01 03:37:05][warn]   concerning this backup: 'Description for cityspade_db (cityspade_db)'
[2014/07/01 03:37:05][warn]   The temporary files which had to be removed should not have existed.
[2014/07/01 03:37:05][info] Database::MySQL Started...
[2014/07/01 03:37:05][info] Using Compressor::Gzip for compression.
[2014/07/01 03:37:05][info]   Command: '/bin/gzip'
[2014/07/01 03:37:05][info]   Ext: '.gz'
[2014/07/01 03:38:18][info] Database::MySQL Finished!
[2014/07/01 03:38:18][info] Packaging the backup files...
[2014/07/01 03:38:18][info] Using Encryptor::OpenSSL to encrypt the archive.
[2014/07/01 03:38:20][info] Packaging Complete!
[2014/07/01 03:38:20][info] Cleaning up the temporary files...
[2014/07/01 03:38:21][info] Storage::SCP Started...
[2014/07/01 03:38:21][info] Storing 'test.cityspade.com:backups/cityspade_db/2014.07.01.03.37.05/cityspade_db.tar.enc'...
[2014/07/01 03:38:25][info] Cycling Started...
[2014/07/01 03:38:25][info] Storage::SCP Finished!
[2014/07/01 03:38:25][info] Cleaning up the package files...
[2014/07/01 03:38:25][warn] Backup for 'Description for cityspade_db (cityspade_db)' Completed Successfully (with Warnings) in 00:01:20
[2014/07/01 03:38:25][info] Sending notification using Notifier::Mail...
[2014/07/01 03:44:03][info] Performing Backup for 'Description for cityspade_db (cityspade_db)'!
[2014/07/01 03:44:03][info] [ backup 4.0.1 : ruby 2.1.0p0 (2013-12-25 revision 44422) [x86_64-linux] ]
[2014/07/01 03:44:03][info] Database::MySQL Started...
[2014/07/01 03:44:03][info] Using Compressor::Gzip for compression.
[2014/07/01 03:44:03][info]   Command: '/usr/bin/gzip'
[2014/07/01 03:44:03][info]   Ext: '.gz'
[2014/07/01 03:45:02][info] Database::MySQL Finished!
[2014/07/01 03:45:02][info] Packaging the backup files...
[2014/07/01 03:45:02][info] Using Encryptor::OpenSSL to encrypt the archive.
[2014/07/01 03:45:04][info] Packaging Complete!
[2014/07/01 03:45:04][info] Cleaning up the temporary files...
[2014/07/01 03:45:05][info] Storage::SCP Started...
[2014/07/01 03:45:05][info] Storing 'test.cityspade.com:backups/cityspade_db/2014.07.01.03.44.03/cityspade_db.tar.enc'...
[2014/07/01 03:45:09][info] Cycling Started...
[2014/07/01 03:45:09][info] Storage::SCP Finished!
[2014/07/01 03:45:09][info] Cleaning up the package files...
[2014/07/01 03:45:09][info] Backup for 'Description for cityspade_db (cityspade_db)' Completed Successfully in 00:01:06
[2014/07/01 03:45:09][info] Sending notification using Notifier::Mail...
[2014/07/02 03:10:04][info] Performing Backup for 'Backup CitySpade DB (cityspade_db)'!
[2014/07/02 03:10:04][info] [ backup 4.0.1 : ruby 2.1.0p0 (2013-12-25 revision 44422) [x86_64-linux] ]
[2014/07/02 03:10:04][info] Database::MySQL Started...
[2014/07/02 03:10:04][info] Using Compressor::Gzip for compression.
[2014/07/02 03:10:04][info]   Command: '/bin/gzip'
[2014/07/02 03:10:04][info]   Ext: '.gz'
[2014/07/02 03:10:59][info] Database::MySQL Finished!
[2014/07/02 03:10:59][info] Packaging the backup files...
[2014/07/02 03:10:59][info] Using Encryptor::OpenSSL to encrypt the archive.
[2014/07/02 03:11:02][info] Packaging Complete!
[2014/07/02 03:11:02][info] Cleaning up the temporary files...
[2014/07/02 03:11:02][info] Storage::SCP Started...
[2014/07/02 03:11:02][info] Storing 'test.cityspade.com:backups/cityspade_db/2014.07.02.03.10.04/cityspade_db.tar.enc'...
[2014/07/02 03:11:06][info] Cycling Started...
[2014/07/02 03:11:07][info] Storage::SCP Finished!
[2014/07/02 03:11:07][info] Cleaning up the package files...
[2014/07/02 03:11:07][info] Backup for 'Backup CitySpade DB (cityspade_db)' Completed Successfully in 00:01:03
[2014/07/02 03:11:07][info] Sending notification using Notifier::Mail...
[2014/07/02 03:26:03][info] Performing Backup for 'Backup CitySpade DB (cityspade_db)'!
[2014/07/02 03:26:03][info] [ backup 4.0.1 : ruby 2.1.0p0 (2013-12-25 revision 44422) [x86_64-linux] ]
[2014/07/02 03:26:03][info] Database::MySQL Started...
[2014/07/02 03:26:03][info] Using Compressor::Gzip for compression.
[2014/07/02 03:26:03][info]   Command: '/usr/bin/gzip'
[2014/07/02 03:26:03][info]   Ext: '.gz'
[2014/07/02 03:27:32][info] Database::MySQL Finished!
[2014/07/02 03:27:32][info] Packaging the backup files...
[2014/07/02 03:27:32][info] Using Encryptor::OpenSSL to encrypt the archive.
[2014/07/02 03:27:36][info] Packaging Complete!
[2014/07/02 03:27:36][info] Cleaning up the temporary files...
[2014/07/02 03:27:36][info] Storage::SCP Started...
[2014/07/02 03:27:37][info] Storing 'test.cityspade.com:backups/cityspade_db/2014.07.02.03.26.03/cityspade_db.tar.enc'...
[2014/07/02 03:27:44][info] Cycling Started...
[2014/07/02 03:27:44][info] Storage::SCP Finished!
[2014/07/02 03:27:44][info] Cleaning up the package files...
[2014/07/02 03:27:44][info] Backup for 'Backup CitySpade DB (cityspade_db)' Completed Successfully in 00:01:41
[2014/07/02 03:27:44][info] Sending notification using Notifier::Mail...
[2014/07/03 03:26:02][info] Performing Backup for 'Backup CitySpade DB (cityspade_db)'!
[2014/07/03 03:26:02][info] [ backup 4.0.1 : ruby 2.1.0p0 (2013-12-25 revision 44422) [x86_64-linux] ]
[2014/07/03 03:26:02][info] Database::MySQL Started...
[2014/07/03 03:26:02][info] Using Compressor::Gzip for compression.
[2014/07/03 03:26:02][info]   Command: '/usr/bin/gzip'
[2014/07/03 03:26:02][info]   Ext: '.gz'
[2014/07/03 03:26:59][info] Database::MySQL Finished!
[2014/07/03 03:26:59][info] Packaging the backup files...
[2014/07/03 03:26:59][info] Using Encryptor::OpenSSL to encrypt the archive.
[2014/07/03 03:27:02][info] Packaging Complete!
[2014/07/03 03:27:02][info] Cleaning up the temporary files...
[2014/07/03 03:27:02][info] Storage::SCP Started...
[2014/07/03 03:27:02][info] Storing 'test.cityspade.com:backups/cityspade_db/2014.07.03.03.26.02/cityspade_db.tar.enc'...
[2014/07/03 03:27:07][info] Cycling Started...
[2014/07/03 03:27:07][info] Storage::SCP Finished!
[2014/07/03 03:27:07][info] Cleaning up the package files...
[2014/07/03 03:27:07][info] Backup for 'Backup CitySpade DB (cityspade_db)' Completed Successfully in 00:01:05
[2014/07/03 03:27:07][info] Sending notification using Notifier::Mail...
[2014/07/04 03:26:02][info] Performing Backup for 'Backup CitySpade DB (cityspade_db)'!
[2014/07/04 03:26:02][info] [ backup 4.0.1 : ruby 2.1.0p0 (2013-12-25 revision 44422) [x86_64-linux] ]
[2014/07/04 03:26:02][info] Database::MySQL Started...
[2014/07/04 03:26:02][info] Using Compressor::Gzip for compression.
[2014/07/04 03:26:02][info]   Command: '/usr/bin/gzip'
[2014/07/04 03:26:02][info]   Ext: '.gz'
[2014/07/04 03:27:02][info] Database::MySQL Finished!
[2014/07/04 03:27:02][info] Packaging the backup files...
[2014/07/04 03:27:02][info] Using Encryptor::OpenSSL to encrypt the archive.
[2014/07/04 03:27:05][info] Packaging Complete!
[2014/07/04 03:27:05][info] Cleaning up the temporary files...
[2014/07/04 03:27:05][info] Storage::SCP Started...
[2014/07/04 03:27:06][info] Storing 'test.cityspade.com:backups/cityspade_db/2014.07.04.03.26.02/cityspade_db.tar.enc'...
[2014/07/04 03:27:10][info] Cycling Started...
[2014/07/04 03:27:10][info] Removing backup package dated 2014.07.01.03.37.05...
[2014/07/04 03:27:10][warn] Storage::Cycler::Error: There was a problem removing the following package:
[2014/07/04 03:27:10][warn]   Trigger: cityspade_db :: Dated: 2014.07.01.03.37.05
[2014/07/04 03:27:10][warn]   Package included the following 1 file(s):
[2014/07/04 03:27:10][warn]   cityspade_db.tar.enc
[2014/07/04 03:27:10][warn] --- Wrapped Exception ---
[2014/07/04 03:27:10][warn] Storage::SCP::Error: Net::SSH reported the following errors:
[2014/07/04 03:27:10][warn]   rm: cannot remove ‘backups/cityspade_db/2014.07.01.03.37.05’: No such file or directory
[2014/07/04 03:27:10][info] Storage::SCP Finished!
[2014/07/04 03:27:10][info] Cleaning up the package files...
[2014/07/04 03:27:10][warn] Backup for 'Backup CitySpade DB (cityspade_db)' Completed Successfully (with Warnings) in 00:01:08
[2014/07/04 03:27:10][info] Sending notification using Notifier::Mail...
[2014/07/05 03:26:02][info] Performing Backup for 'Backup CitySpade DB (cityspade_db)'!
[2014/07/05 03:26:02][info] [ backup 4.0.1 : ruby 2.1.0p0 (2013-12-25 revision 44422) [x86_64-linux] ]
[2014/07/05 03:26:02][info] Database::MySQL Started...
[2014/07/05 03:26:03][info] Using Compressor::Gzip for compression.
[2014/07/05 03:26:03][info]   Command: '/usr/bin/gzip'
[2014/07/05 03:26:03][info]   Ext: '.gz'
[2014/07/05 03:27:00][info] Database::MySQL Finished!
[2014/07/05 03:27:00][info] Packaging the backup files...
[2014/07/05 03:27:00][info] Using Encryptor::OpenSSL to encrypt the archive.
[2014/07/05 03:27:03][info] Packaging Complete!
[2014/07/05 03:27:03][info] Cleaning up the temporary files...
[2014/07/05 03:27:03][info] Storage::SCP Started...
[2014/07/05 03:27:03][info] Storing 'test.cityspade.com:backups/cityspade_db/2014.07.05.03.26.02/cityspade_db.tar.enc'...
[2014/07/05 03:27:07][info] Cycling Started...
[2014/07/05 03:27:07][info] Removing backup package dated 2014.07.01.03.44.03...
[2014/07/05 03:27:07][warn] Storage::Cycler::Error: There was a problem removing the following package:
[2014/07/05 03:27:07][warn]   Trigger: cityspade_db :: Dated: 2014.07.01.03.44.03
[2014/07/05 03:27:07][warn]   Package included the following 1 file(s):
[2014/07/05 03:27:07][warn]   cityspade_db.tar.enc
[2014/07/05 03:27:07][warn] --- Wrapped Exception ---
[2014/07/05 03:27:07][warn] Storage::SCP::Error: Net::SSH reported the following errors:
[2014/07/05 03:27:07][warn]   rm: cannot remove ‘backups/cityspade_db/2014.07.01.03.44.03’: No such file or directory
[2014/07/05 03:27:07][info] Storage::SCP Finished!
[2014/07/05 03:27:07][info] Cleaning up the package files...
[2014/07/05 03:27:07][warn] Backup for 'Backup CitySpade DB (cityspade_db)' Completed Successfully (with Warnings) in 00:01:05
[2014/07/05 03:27:07][info] Sending notification using Notifier::Mail...
[2014/07/06 03:26:02][info] Performing Backup for 'Backup CitySpade DB (cityspade_db)'!
[2014/07/06 03:26:02][info] [ backup 4.0.1 : ruby 2.1.0p0 (2013-12-25 revision 44422) [x86_64-linux] ]
[2014/07/06 03:26:02][info] Database::MySQL Started...
[2014/07/06 03:26:02][info] Using Compressor::Gzip for compression.
[2014/07/06 03:26:02][info]   Command: '/usr/bin/gzip'
[2014/07/06 03:26:02][info]   Ext: '.gz'
[2014/07/06 03:26:56][info] Database::MySQL Finished!
[2014/07/06 03:26:56][info] Packaging the backup files...
[2014/07/06 03:26:57][info] Using Encryptor::OpenSSL to encrypt the archive.
[2014/07/06 03:26:59][info] Packaging Complete!
[2014/07/06 03:26:59][info] Cleaning up the temporary files...
[2014/07/06 03:26:59][info] Storage::SCP Started...
[2014/07/06 03:26:59][info] Storing 'test.cityspade.com:backups/cityspade_db/2014.07.06.03.26.02/cityspade_db.tar.enc'...
[2014/07/06 03:27:03][info] Cycling Started...
[2014/07/06 03:27:03][info] Removing backup package dated 2014.07.02.03.10.04...
[2014/07/06 03:27:03][info] Storage::SCP Finished!
[2014/07/06 03:27:03][info] Cleaning up the package files...
[2014/07/06 03:27:03][info] Backup for 'Backup CitySpade DB (cityspade_db)' Completed Successfully in 00:01:01
[2014/07/06 03:27:03][info] Sending notification using Notifier::Mail...
[2014/07/07 03:26:02][info] Performing Backup for 'Backup CitySpade DB (cityspade_db)'!
[2014/07/07 03:26:02][info] [ backup 4.0.1 : ruby 2.1.0p0 (2013-12-25 revision 44422) [x86_64-linux] ]
[2014/07/07 03:26:02][info] Database::MySQL Started...
[2014/07/07 03:26:02][info] Using Compressor::Gzip for compression.
[2014/07/07 03:26:02][info]   Command: '/usr/bin/gzip'
[2014/07/07 03:26:02][info]   Ext: '.gz'
[2014/07/07 03:27:05][info] Database::MySQL Finished!
[2014/07/07 03:27:05][info] Packaging the backup files...
[2014/07/07 03:27:05][info] Using Encryptor::OpenSSL to encrypt the archive.
[2014/07/07 03:27:08][info] Packaging Complete!
[2014/07/07 03:27:08][info] Cleaning up the temporary files...
[2014/07/07 03:27:08][info] Storage::SCP Started...
[2014/07/07 03:27:10][info] Storing 'test.cityspade.com:backups/cityspade_db/2014.07.07.03.26.02/cityspade_db.tar.enc'...
[2014/07/07 03:27:14][info] Cycling Started...
[2014/07/07 03:27:14][info] Removing backup package dated 2014.07.02.03.26.03...
[2014/07/07 03:27:14][info] Storage::SCP Finished!
[2014/07/07 03:27:14][info] Cleaning up the package files...
[2014/07/07 03:27:14][info] Backup for 'Backup CitySpade DB (cityspade_db)' Completed Successfully in 00:01:12
[2014/07/07 03:27:14][info] Sending notification using Notifier::Mail...
[2014/07/08 03:26:03][info] Performing Backup for 'Backup CitySpade DB (cityspade_db)'!
[2014/07/08 03:26:03][info] [ backup 4.0.1 : ruby 2.1.0p0 (2013-12-25 revision 44422) [x86_64-linux] ]
[2014/07/08 03:26:03][info] Database::MySQL Started...
[2014/07/08 03:26:03][info] Using Compressor::Gzip for compression.
[2014/07/08 03:26:03][info]   Command: '/usr/bin/gzip'
[2014/07/08 03:26:03][info]   Ext: '.gz'
[2014/07/08 03:27:07][info] Database::MySQL Finished!
[2014/07/08 03:27:07][info] Packaging the backup files...
[2014/07/08 03:27:07][info] Using Encryptor::OpenSSL to encrypt the archive.
[2014/07/08 03:27:11][info] Packaging Complete!
[2014/07/08 03:27:11][info] Cleaning up the temporary files...
[2014/07/08 03:27:12][info] Storage::SCP Started...
[2014/07/08 03:27:13][info] Storing 'test.cityspade.com:backups/cityspade_db/2014.07.08.03.26.03/cityspade_db.tar.enc'...
[2014/07/08 03:27:17][info] Cycling Started...
[2014/07/08 03:27:17][info] Removing backup package dated 2014.07.03.03.26.02...
[2014/07/08 03:27:17][info] Storage::SCP Finished!
[2014/07/08 03:27:17][info] Cleaning up the package files...
[2014/07/08 03:27:17][info] Backup for 'Backup CitySpade DB (cityspade_db)' Completed Successfully in 00:01:14
[2014/07/08 03:27:17][info] Sending notification using Notifier::Mail...
[2014/07/09 03:26:03][info] Performing Backup for 'Backup CitySpade DB (cityspade_db)'!
[2014/07/09 03:26:03][info] [ backup 4.0.1 : ruby 2.1.0p0 (2013-12-25 revision 44422) [x86_64-linux] ]
[2014/07/09 03:26:03][info] Database::MySQL Started...
[2014/07/09 03:26:03][info] Using Compressor::Gzip for compression.
[2014/07/09 03:26:03][info]   Command: '/usr/bin/gzip'
[2014/07/09 03:26:03][info]   Ext: '.gz'
[2014/07/09 03:27:05][info] Database::MySQL Finished!
[2014/07/09 03:27:05][info] Packaging the backup files...
[2014/07/09 03:27:05][info] Using Encryptor::OpenSSL to encrypt the archive.
[2014/07/09 03:27:09][info] Packaging Complete!
[2014/07/09 03:27:09][info] Cleaning up the temporary files...
[2014/07/09 03:27:09][info] Storage::SCP Started...
[2014/07/09 03:27:10][info] Storing 'test.cityspade.com:backups/cityspade_db/2014.07.09.03.26.03/cityspade_db.tar.enc'...
[2014/07/09 03:27:14][info] Cycling Started...
[2014/07/09 03:27:15][info] Removing backup package dated 2014.07.04.03.26.02...
[2014/07/09 03:27:15][info] Storage::SCP Finished!
[2014/07/09 03:27:15][info] Cleaning up the package files...
[2014/07/09 03:27:15][info] Backup for 'Backup CitySpade DB (cityspade_db)' Completed Successfully in 00:01:12
[2014/07/09 03:27:15][info] Sending notification using Notifier::Mail...
[2014/07/10 03:26:03][info] Performing Backup for 'Backup CitySpade DB (cityspade_db)'!
[2014/07/10 03:26:03][info] [ backup 4.0.1 : ruby 2.1.0p0 (2013-12-25 revision 44422) [x86_64-linux] ]
[2014/07/10 03:26:03][info] Database::MySQL Started...
[2014/07/10 03:26:03][info] Using Compressor::Gzip for compression.
[2014/07/10 03:26:03][info]   Command: '/usr/bin/gzip'
[2014/07/10 03:26:03][info]   Ext: '.gz'
[2014/07/10 03:27:03][info] Database::MySQL Finished!
[2014/07/10 03:27:03][info] Packaging the backup files...
[2014/07/10 03:27:03][info] Using Encryptor::OpenSSL to encrypt the archive.
[2014/07/10 03:27:06][info] Packaging Complete!
[2014/07/10 03:27:06][info] Cleaning up the temporary files...
[2014/07/10 03:27:06][info] Storage::SCP Started...
[2014/07/10 03:27:07][info] Storing 'test.cityspade.com:backups/cityspade_db/2014.07.10.03.26.03/cityspade_db.tar.enc'...
[2014/07/10 03:27:11][info] Cycling Started...
[2014/07/10 03:27:11][info] Removing backup package dated 2014.07.05.03.26.02...
[2014/07/10 03:27:11][info] Storage::SCP Finished!
[2014/07/10 03:27:11][info] Cleaning up the package files...
[2014/07/10 03:27:11][info] Backup for 'Backup CitySpade DB (cityspade_db)' Completed Successfully in 00:01:08
[2014/07/10 03:27:11][info] Sending notification using Notifier::Mail...
[2014/07/11 03:26:03][info] Performing Backup for 'Backup CitySpade DB (cityspade_db)'!
[2014/07/11 03:26:03][info] [ backup 4.0.1 : ruby 2.1.0p0 (2013-12-25 revision 44422) [x86_64-linux] ]
[2014/07/11 03:26:03][info] Database::MySQL Started...
[2014/07/11 03:26:03][info] Using Compressor::Gzip for compression.
[2014/07/11 03:26:03][info]   Command: '/usr/bin/gzip'
[2014/07/11 03:26:03][info]   Ext: '.gz'
[2014/07/11 03:27:04][info] Database::MySQL Finished!
[2014/07/11 03:27:04][info] Packaging the backup files...
[2014/07/11 03:27:04][info] Using Encryptor::OpenSSL to encrypt the archive.
[2014/07/11 03:27:07][info] Packaging Complete!
[2014/07/11 03:27:07][info] Cleaning up the temporary files...
[2014/07/11 03:27:07][info] Storage::SCP Started...
[2014/07/11 03:27:08][info] Storing 'test.cityspade.com:backups/cityspade_db/2014.07.11.03.26.03/cityspade_db.tar.enc'...
[2014/07/11 03:27:13][info] Cycling Started...
[2014/07/11 03:27:13][info] Removing backup package dated 2014.07.06.03.26.02...
[2014/07/11 03:27:13][info] Storage::SCP Finished!
[2014/07/11 03:27:13][info] Cleaning up the package files...
[2014/07/11 03:27:13][info] Backup for 'Backup CitySpade DB (cityspade_db)' Completed Successfully in 00:01:10
[2014/07/11 03:27:13][info] Sending notification using Notifier::Mail...
[2014/07/12 03:26:03][info] Performing Backup for 'Backup CitySpade DB (cityspade_db)'!
[2014/07/12 03:26:03][info] [ backup 4.0.1 : ruby 2.1.0p0 (2013-12-25 revision 44422) [x86_64-linux] ]
[2014/07/12 03:26:03][info] Database::MySQL Started...
[2014/07/12 03:26:03][info] Using Compressor::Gzip for compression.
[2014/07/12 03:26:03][info]   Command: '/usr/bin/gzip'
[2014/07/12 03:26:03][info]   Ext: '.gz'
[2014/07/12 03:27:06][info] Database::MySQL Finished!
[2014/07/12 03:27:06][info] Packaging the backup files...
[2014/07/12 03:27:06][info] Using Encryptor::OpenSSL to encrypt the archive.
[2014/07/12 03:27:09][info] Packaging Complete!
[2014/07/12 03:27:09][info] Cleaning up the temporary files...
[2014/07/12 03:27:10][info] Storage::SCP Started...
[2014/07/12 03:27:10][info] Storing 'test.cityspade.com:backups/cityspade_db/2014.07.12.03.26.03/cityspade_db.tar.enc'...
[2014/07/12 03:27:14][info] Cycling Started...
[2014/07/12 03:27:14][info] Removing backup package dated 2014.07.07.03.26.02...
[2014/07/12 03:27:14][info] Storage::SCP Finished!
[2014/07/12 03:27:14][info] Cleaning up the package files...
[2014/07/12 03:27:14][info] Backup for 'Backup CitySpade DB (cityspade_db)' Completed Successfully in 00:01:11
[2014/07/12 03:27:14][info] Sending notification using Notifier::Mail...
[2014/07/13 03:26:05][info] Performing Backup for 'Backup CitySpade DB (cityspade_db)'!
[2014/07/13 03:26:05][info] [ backup 4.0.1 : ruby 2.1.0p0 (2013-12-25 revision 44422) [x86_64-linux] ]
[2014/07/13 03:26:05][info] Database::MySQL Started...
[2014/07/13 03:26:05][info] Using Compressor::Gzip for compression.
[2014/07/13 03:26:05][info]   Command: '/usr/bin/gzip'
[2014/07/13 03:26:05][info]   Ext: '.gz'
[2014/07/13 03:27:12][info] Database::MySQL Finished!
[2014/07/13 03:27:12][info] Packaging the backup files...
[2014/07/13 03:27:12][info] Using Encryptor::OpenSSL to encrypt the archive.
[2014/07/13 03:27:20][info] Packaging Complete!
[2014/07/13 03:27:20][info] Cleaning up the temporary files...
[2014/07/13 03:27:20][info] Storage::SCP Started...
[2014/07/13 03:27:20][info] Storing 'test.cityspade.com:backups/cityspade_db/2014.07.13.03.26.05/cityspade_db.tar.enc'...
[2014/07/13 03:27:24][info] Cycling Started...
[2014/07/13 03:27:24][info] Removing backup package dated 2014.07.08.03.26.03...
[2014/07/13 03:27:24][info] Storage::SCP Finished!
[2014/07/13 03:27:24][info] Cleaning up the package files...
[2014/07/13 03:27:25][info] Backup for 'Backup CitySpade DB (cityspade_db)' Completed Successfully in 00:01:20
[2014/07/13 03:27:25][info] Sending notification using Notifier::Mail...
[2014/07/14 03:26:05][info] Performing Backup for 'Backup CitySpade DB (cityspade_db)'!
[2014/07/14 03:26:05][info] [ backup 4.0.1 : ruby 2.1.0p0 (2013-12-25 revision 44422) [x86_64-linux] ]
[2014/07/14 03:26:05][info] Database::MySQL Started...
[2014/07/14 03:26:05][info] Using Compressor::Gzip for compression.
[2014/07/14 03:26:05][info]   Command: '/usr/bin/gzip'
[2014/07/14 03:26:05][info]   Ext: '.gz'
[2014/07/14 03:27:17][info] Database::MySQL Finished!
[2014/07/14 03:27:17][info] Packaging the backup files...
[2014/07/14 03:27:17][info] Using Encryptor::OpenSSL to encrypt the archive.
[2014/07/14 03:27:24][info] Packaging Complete!
[2014/07/14 03:27:24][info] Cleaning up the temporary files...
[2014/07/14 03:27:24][info] Storage::SCP Started...
[2014/07/14 03:27:25][info] Storing 'test.cityspade.com:backups/cityspade_db/2014.07.14.03.26.05/cityspade_db.tar.enc'...
[2014/07/14 03:27:29][info] Cycling Started...
[2014/07/14 03:27:29][info] Removing backup package dated 2014.07.09.03.26.03...
[2014/07/14 03:27:29][info] Storage::SCP Finished!
[2014/07/14 03:27:29][info] Cleaning up the package files...
[2014/07/14 03:27:29][info] Backup for 'Backup CitySpade DB (cityspade_db)' Completed Successfully in 00:01:24
[2014/07/14 03:27:29][info] Sending notification using Notifier::Mail...
[2014/07/15 03:26:06][info] Performing Backup for 'Backup CitySpade DB (cityspade_db)'!
[2014/07/15 03:26:06][info] [ backup 4.0.1 : ruby 2.1.0p0 (2013-12-25 revision 44422) [x86_64-linux] ]
[2014/07/15 03:26:06][info] Database::MySQL Started...
[2014/07/15 03:26:06][info] Using Compressor::Gzip for compression.
[2014/07/15 03:26:06][info]   Command: '/usr/bin/gzip'
[2014/07/15 03:26:06][info]   Ext: '.gz'
[2014/07/15 03:27:18][info] Database::MySQL Finished!
[2014/07/15 03:27:18][info] Packaging the backup files...
[2014/07/15 03:27:18][info] Using Encryptor::OpenSSL to encrypt the archive.
[2014/07/15 03:27:26][info] Packaging Complete!
[2014/07/15 03:27:26][info] Cleaning up the temporary files...
[2014/07/15 03:27:26][info] Storage::SCP Started...
[2014/07/15 03:27:26][info] Storing 'test.cityspade.com:backups/cityspade_db/2014.07.15.03.26.06/cityspade_db.tar.enc'...
[2014/07/15 03:27:32][info] Cycling Started...
[2014/07/15 03:27:32][info] Removing backup package dated 2014.07.10.03.26.03...
[2014/07/15 03:27:32][info] Storage::SCP Finished!
[2014/07/15 03:27:32][info] Cleaning up the package files...
[2014/07/15 03:27:32][info] Backup for 'Backup CitySpade DB (cityspade_db)' Completed Successfully in 00:01:26
[2014/07/15 03:27:32][info] Sending notification using Notifier::Mail...
[2014/07/16 03:26:05][info] Performing Backup for 'Backup CitySpade DB (cityspade_db)'!
[2014/07/16 03:26:05][info] [ backup 4.0.1 : ruby 2.1.0p0 (2013-12-25 revision 44422) [x86_64-linux] ]
[2014/07/16 03:26:05][info] Database::MySQL Started...
[2014/07/16 03:26:05][info] Using Compressor::Gzip for compression.
[2014/07/16 03:26:05][info]   Command: '/usr/bin/gzip'
[2014/07/16 03:26:05][info]   Ext: '.gz'
[2014/07/16 03:27:18][info] Database::MySQL Finished!
[2014/07/16 03:27:18][info] Packaging the backup files...
[2014/07/16 03:27:18][info] Using Encryptor::OpenSSL to encrypt the archive.
[2014/07/16 03:27:26][info] Packaging Complete!
[2014/07/16 03:27:26][info] Cleaning up the temporary files...
[2014/07/16 03:27:26][info] Storage::SCP Started...
[2014/07/16 03:27:26][info] Storing 'test.cityspade.com:backups/cityspade_db/2014.07.16.03.26.05/cityspade_db.tar.enc'...
[2014/07/16 03:27:30][info] Cycling Started...
[2014/07/16 03:27:31][info] Removing backup package dated 2014.07.11.03.26.03...
[2014/07/16 03:27:31][info] Storage::SCP Finished!
[2014/07/16 03:27:31][info] Cleaning up the package files...
[2014/07/16 03:27:31][info] Backup for 'Backup CitySpade DB (cityspade_db)' Completed Successfully in 00:01:26
[2014/07/16 03:27:31][info] Sending notification using Notifier::Mail...
[2014/07/17 03:26:03][info] Performing Backup for 'Backup CitySpade DB (cityspade_db)'!
[2014/07/17 03:26:03][info] [ backup 4.0.1 : ruby 2.1.0p0 (2013-12-25 revision 44422) [x86_64-linux] ]
[2014/07/17 03:26:03][info] Database::MySQL Started...
[2014/07/17 03:26:03][info] Using Compressor::Gzip for compression.
[2014/07/17 03:26:03][info]   Command: '/usr/bin/gzip'
[2014/07/17 03:26:03][info]   Ext: '.gz'
[2014/07/17 03:27:07][info] Database::MySQL Finished!
[2014/07/17 03:27:07][info] Packaging the backup files...
[2014/07/17 03:27:08][info] Using Encryptor::OpenSSL to encrypt the archive.
[2014/07/17 03:27:11][info] Packaging Complete!
[2014/07/17 03:27:11][info] Cleaning up the temporary files...
[2014/07/17 03:27:11][info] Storage::SCP Started...
[2014/07/17 03:27:11][info] Storing 'test.cityspade.com:backups/cityspade_db/2014.07.17.03.26.03/cityspade_db.tar.enc'...
[2014/07/17 03:27:16][info] Cycling Started...
[2014/07/17 03:27:16][info] Removing backup package dated 2014.07.12.03.26.03...
[2014/07/17 03:27:16][info] Storage::SCP Finished!
[2014/07/17 03:27:16][info] Cleaning up the package files...
[2014/07/17 03:27:16][info] Backup for 'Backup CitySpade DB (cityspade_db)' Completed Successfully in 00:01:13
[2014/07/17 03:27:16][info] Sending notification using Notifier::Mail...
[2014/07/18 03:26:04][info] Performing Backup for 'Backup CitySpade DB (cityspade_db)'!
[2014/07/18 03:26:04][info] [ backup 4.0.1 : ruby 2.1.0p0 (2013-12-25 revision 44422) [x86_64-linux] ]
[2014/07/18 03:26:04][info] Database::MySQL Started...
[2014/07/18 03:26:04][info] Using Compressor::Gzip for compression.
[2014/07/18 03:26:04][info]   Command: '/usr/bin/gzip'
[2014/07/18 03:26:04][info]   Ext: '.gz'
[2014/07/18 03:27:16][info] Database::MySQL Finished!
[2014/07/18 03:27:16][info] Packaging the backup files...
[2014/07/18 03:27:16][info] Using Encryptor::OpenSSL to encrypt the archive.
[2014/07/18 03:27:25][info] Packaging Complete!
[2014/07/18 03:27:25][info] Cleaning up the temporary files...
[2014/07/18 03:27:25][info] Storage::SCP Started...
[2014/07/18 03:27:25][info] Storing 'test.cityspade.com:backups/cityspade_db/2014.07.18.03.26.04/cityspade_db.tar.enc'...
[2014/07/18 03:27:30][info] Cycling Started...
[2014/07/18 03:27:30][info] Removing backup package dated 2014.07.13.03.26.05...
[2014/07/18 03:27:30][info] Storage::SCP Finished!
[2014/07/18 03:27:30][info] Cleaning up the package files...
[2014/07/18 03:27:30][info] Backup for 'Backup CitySpade DB (cityspade_db)' Completed Successfully in 00:01:26
[2014/07/18 03:27:30][info] Sending notification using Notifier::Mail...
[2014/07/19 03:26:06][info] Performing Backup for 'Backup CitySpade DB (cityspade_db)'!
[2014/07/19 03:26:06][info] [ backup 4.0.1 : ruby 2.1.0p0 (2013-12-25 revision 44422) [x86_64-linux] ]
[2014/07/19 03:26:06][info] Database::MySQL Started...
[2014/07/19 03:26:06][info] Using Compressor::Gzip for compression.
[2014/07/19 03:26:06][info]   Command: '/usr/bin/gzip'
[2014/07/19 03:26:06][info]   Ext: '.gz'
[2014/07/19 03:27:24][info] Database::MySQL Finished!
[2014/07/19 03:27:24][info] Packaging the backup files...
[2014/07/19 03:27:24][info] Using Encryptor::OpenSSL to encrypt the archive.
[2014/07/19 03:27:33][info] Packaging Complete!
[2014/07/19 03:27:33][info] Cleaning up the temporary files...
[2014/07/19 03:27:33][info] Storage::SCP Started...
[2014/07/19 03:27:33][info] Storing 'test.cityspade.com:backups/cityspade_db/2014.07.19.03.26.06/cityspade_db.tar.enc'...
[2014/07/19 03:27:37][info] Cycling Started...
[2014/07/19 03:27:38][info] Removing backup package dated 2014.07.14.03.26.05...
[2014/07/19 03:27:38][info] Storage::SCP Finished!
[2014/07/19 03:27:38][info] Cleaning up the package files...
[2014/07/19 03:27:38][info] Backup for 'Backup CitySpade DB (cityspade_db)' Completed Successfully in 00:01:32
[2014/07/19 03:27:38][info] Sending notification using Notifier::Mail...
[2014/07/20 03:26:08][info] Performing Backup for 'Backup CitySpade DB (cityspade_db)'!
[2014/07/20 03:26:08][info] [ backup 4.0.1 : ruby 2.1.0p0 (2013-12-25 revision 44422) [x86_64-linux] ]
[2014/07/20 03:26:08][info] Database::MySQL Started...
[2014/07/20 03:26:08][info] Using Compressor::Gzip for compression.
[2014/07/20 03:26:08][info]   Command: '/usr/bin/gzip'
[2014/07/20 03:26:08][info]   Ext: '.gz'
[2014/07/20 03:27:20][info] Database::MySQL Finished!
[2014/07/20 03:27:20][info] Packaging the backup files...
[2014/07/20 03:27:20][info] Using Encryptor::OpenSSL to encrypt the archive.
[2014/07/20 03:27:22][info] Packaging Complete!
[2014/07/20 03:27:22][info] Cleaning up the temporary files...
[2014/07/20 03:27:22][info] Storage::SCP Started...
[2014/07/20 03:27:22][info] Storing 'test.cityspade.com:backups/cityspade_db/2014.07.20.03.26.08/cityspade_db.tar.enc'...
[2014/07/20 03:27:27][info] Cycling Started...
[2014/07/20 03:27:27][info] Removing backup package dated 2014.07.15.03.26.06...
[2014/07/20 03:27:27][info] Storage::SCP Finished!
[2014/07/20 03:27:27][info] Cleaning up the package files...
[2014/07/20 03:27:27][info] Backup for 'Backup CitySpade DB (cityspade_db)' Completed Successfully in 00:01:19
[2014/07/20 03:27:27][info] Sending notification using Notifier::Mail...
[2014/07/21 03:26:03][info] Performing Backup for 'Backup CitySpade DB (cityspade_db)'!
[2014/07/21 03:26:03][info] [ backup 4.0.1 : ruby 2.1.0p0 (2013-12-25 revision 44422) [x86_64-linux] ]
[2014/07/21 03:26:03][info] Database::MySQL Started...
[2014/07/21 03:26:03][info] Using Compressor::Gzip for compression.
[2014/07/21 03:26:03][info]   Command: '/usr/bin/gzip'
[2014/07/21 03:26:03][info]   Ext: '.gz'
[2014/07/21 03:27:12][info] Database::MySQL Finished!
[2014/07/21 03:27:12][info] Packaging the backup files...
[2014/07/21 03:27:12][info] Using Encryptor::OpenSSL to encrypt the archive.
[2014/07/21 03:27:14][info] Packaging Complete!
[2014/07/21 03:27:14][info] Cleaning up the temporary files...
[2014/07/21 03:27:15][info] Storage::SCP Started...
[2014/07/21 03:27:15][info] Storing 'test.cityspade.com:backups/cityspade_db/2014.07.21.03.26.03/cityspade_db.tar.enc'...
[2014/07/21 03:27:19][info] Cycling Started...
[2014/07/21 03:27:19][info] Removing backup package dated 2014.07.16.03.26.05...
[2014/07/21 03:27:19][info] Storage::SCP Finished!
[2014/07/21 03:27:19][info] Cleaning up the package files...
[2014/07/21 03:27:19][info] Backup for 'Backup CitySpade DB (cityspade_db)' Completed Successfully in 00:01:16
[2014/07/21 03:27:19][info] Sending notification using Notifier::Mail...
[2014/07/22 03:26:03][info] Performing Backup for 'Backup CitySpade DB (cityspade_db)'!
[2014/07/22 03:26:03][info] [ backup 4.0.1 : ruby 2.1.0p0 (2013-12-25 revision 44422) [x86_64-linux] ]
[2014/07/22 03:26:03][info] Database::MySQL Started...
[2014/07/22 03:26:03][info] Using Compressor::Gzip for compression.
[2014/07/22 03:26:03][info]   Command: '/usr/bin/gzip'
[2014/07/22 03:26:03][info]   Ext: '.gz'
[2014/07/22 03:27:06][info] Database::MySQL Finished!
[2014/07/22 03:27:06][info] Packaging the backup files...
[2014/07/22 03:27:06][info] Using Encryptor::OpenSSL to encrypt the archive.
[2014/07/22 03:27:09][info] Packaging Complete!
[2014/07/22 03:27:09][info] Cleaning up the temporary files...
[2014/07/22 03:27:09][info] Storage::SCP Started...
[2014/07/22 03:27:09][info] Storing 'test.cityspade.com:backups/cityspade_db/2014.07.22.03.26.03/cityspade_db.tar.enc'...
[2014/07/22 03:27:13][info] Cycling Started...
[2014/07/22 03:27:13][info] Removing backup package dated 2014.07.17.03.26.03...
[2014/07/22 03:27:13][info] Storage::SCP Finished!
[2014/07/22 03:27:13][info] Cleaning up the package files...
[2014/07/22 03:27:13][info] Backup for 'Backup CitySpade DB (cityspade_db)' Completed Successfully in 00:01:10
[2014/07/22 03:27:13][info] Sending notification using Notifier::Mail...
[2014/07/23 03:26:02][info] Performing Backup for 'Backup CitySpade DB (cityspade_db)'!
[2014/07/23 03:26:02][info] [ backup 4.0.1 : ruby 2.1.0p0 (2013-12-25 revision 44422) [x86_64-linux] ]
[2014/07/23 03:26:02][info] Database::MySQL Started...
[2014/07/23 03:26:02][info] Using Compressor::Gzip for compression.
[2014/07/23 03:26:02][info]   Command: '/usr/bin/gzip'
[2014/07/23 03:26:02][info]   Ext: '.gz'
[2014/07/23 03:27:07][info] Database::MySQL Finished!
[2014/07/23 03:27:07][info] Packaging the backup files...
[2014/07/23 03:27:07][info] Using Encryptor::OpenSSL to encrypt the archive.
[2014/07/23 03:27:10][info] Packaging Complete!
[2014/07/23 03:27:10][info] Cleaning up the temporary files...
[2014/07/23 03:27:10][info] Storage::SCP Started...
[2014/07/23 03:27:12][info] Storing 'test.cityspade.com:backups/cityspade_db/2014.07.23.03.26.02/cityspade_db.tar.enc'...
[2014/07/23 03:27:16][info] Cycling Started...
[2014/07/23 03:27:16][info] Removing backup package dated 2014.07.18.03.26.04...
[2014/07/23 03:27:16][info] Storage::SCP Finished!
[2014/07/23 03:27:16][info] Cleaning up the package files...
[2014/07/23 03:27:16][info] Backup for 'Backup CitySpade DB (cityspade_db)' Completed Successfully in 00:01:14
[2014/07/23 03:27:16][info] Sending notification using Notifier::Mail...
[2014/07/24 03:26:02][info] Performing Backup for 'Backup CitySpade DB (cityspade_db)'!
[2014/07/24 03:26:02][info] [ backup 4.0.1 : ruby 2.1.0p0 (2013-12-25 revision 44422) [x86_64-linux] ]
[2014/07/24 03:26:02][info] Database::MySQL Started...
[2014/07/24 03:26:02][info] Using Compressor::Gzip for compression.
[2014/07/24 03:26:02][info]   Command: '/usr/bin/gzip'
[2014/07/24 03:26:02][info]   Ext: '.gz'
[2014/07/24 03:27:07][info] Database::MySQL Finished!
[2014/07/24 03:27:07][info] Packaging the backup files...
[2014/07/24 03:27:08][info] Using Encryptor::OpenSSL to encrypt the archive.
[2014/07/24 03:27:10][info] Packaging Complete!
[2014/07/24 03:27:10][info] Cleaning up the temporary files...
[2014/07/24 03:27:10][info] Storage::SCP Started...
[2014/07/24 03:27:11][info] Storing 'test.cityspade.com:backups/cityspade_db/2014.07.24.03.26.02/cityspade_db.tar.enc'...
[2014/07/24 03:27:15][info] Cycling Started...
[2014/07/24 03:27:16][info] Removing backup package dated 2014.07.19.03.26.06...
[2014/07/24 03:27:16][info] Storage::SCP Finished!
[2014/07/24 03:27:16][info] Cleaning up the package files...
[2014/07/24 03:27:16][info] Backup for 'Backup CitySpade DB (cityspade_db)' Completed Successfully in 00:01:14
[2014/07/24 03:27:16][info] Sending notification using Notifier::Mail...
[2014/07/25 03:26:03][info] Performing Backup for 'Backup CitySpade DB (cityspade_db)'!
[2014/07/25 03:26:03][info] [ backup 4.0.1 : ruby 2.1.0p0 (2013-12-25 revision 44422) [x86_64-linux] ]
[2014/07/25 03:26:03][info] Database::MySQL Started...
[2014/07/25 03:26:03][info] Using Compressor::Gzip for compression.
[2014/07/25 03:26:03][info]   Command: '/usr/bin/gzip'
[2014/07/25 03:26:03][info]   Ext: '.gz'
[2014/07/25 03:27:10][info] Database::MySQL Finished!
[2014/07/25 03:27:10][info] Packaging the backup files...
[2014/07/25 03:27:10][info] Using Encryptor::OpenSSL to encrypt the archive.
[2014/07/25 03:27:13][info] Packaging Complete!
[2014/07/25 03:27:13][info] Cleaning up the temporary files...
[2014/07/25 03:27:13][info] Storage::SCP Started...
[2014/07/25 03:27:14][info] Storing 'test.cityspade.com:backups/cityspade_db/2014.07.25.03.26.03/cityspade_db.tar.enc'...
[2014/07/25 03:27:18][info] Cycling Started...
[2014/07/25 03:27:19][info] Removing backup package dated 2014.07.20.03.26.08...
[2014/07/25 03:27:19][info] Storage::SCP Finished!
[2014/07/25 03:27:19][info] Cleaning up the package files...
[2014/07/25 03:27:19][info] Backup for 'Backup CitySpade DB (cityspade_db)' Completed Successfully in 00:01:16
[2014/07/25 03:27:19][info] Sending notification using Notifier::Mail...
[2014/07/26 03:26:03][info] Performing Backup for 'Backup CitySpade DB (cityspade_db)'!
[2014/07/26 03:26:03][info] [ backup 4.0.1 : ruby 2.1.0p0 (2013-12-25 revision 44422) [x86_64-linux] ]
[2014/07/26 03:26:03][info] Database::MySQL Started...
[2014/07/26 03:26:03][info] Using Compressor::Gzip for compression.
[2014/07/26 03:26:03][info]   Command: '/usr/bin/gzip'
[2014/07/26 03:26:03][info]   Ext: '.gz'
[2014/07/26 03:27:19][info] Database::MySQL Finished!
[2014/07/26 03:27:19][info] Packaging the backup files...
[2014/07/26 03:27:19][info] Using Encryptor::OpenSSL to encrypt the archive.
[2014/07/26 03:27:22][info] Packaging Complete!
[2014/07/26 03:27:22][info] Cleaning up the temporary files...
[2014/07/26 03:27:22][info] Storage::SCP Started...
[2014/07/26 03:27:24][info] Storing 'test.cityspade.com:backups/cityspade_db/2014.07.26.03.26.03/cityspade_db.tar.enc'...
[2014/07/26 03:27:30][info] Cycling Started...
[2014/07/26 03:27:30][info] Removing backup package dated 2014.07.21.03.26.03...
[2014/07/26 03:27:30][info] Storage::SCP Finished!
[2014/07/26 03:27:30][info] Cleaning up the package files...
[2014/07/26 03:27:30][info] Backup for 'Backup CitySpade DB (cityspade_db)' Completed Successfully in 00:01:27
[2014/07/26 03:27:30][info] Sending notification using Notifier::Mail...
[2014/07/27 03:26:02][info] Performing Backup for 'Backup CitySpade DB (cityspade_db)'!
[2014/07/27 03:26:02][info] [ backup 4.0.1 : ruby 2.1.0p0 (2013-12-25 revision 44422) [x86_64-linux] ]
[2014/07/27 03:26:02][info] Database::MySQL Started...
[2014/07/27 03:26:02][info] Using Compressor::Gzip for compression.
[2014/07/27 03:26:02][info]   Command: '/usr/bin/gzip'
[2014/07/27 03:26:02][info]   Ext: '.gz'
[2014/07/27 03:27:10][info] Database::MySQL Finished!
[2014/07/27 03:27:10][info] Packaging the backup files...
[2014/07/27 03:27:10][info] Using Encryptor::OpenSSL to encrypt the archive.
[2014/07/27 03:27:13][info] Packaging Complete!
[2014/07/27 03:27:13][info] Cleaning up the temporary files...
[2014/07/27 03:27:13][info] Storage::SCP Started...
[2014/07/27 03:27:14][info] Storing 'test.cityspade.com:backups/cityspade_db/2014.07.27.03.26.02/cityspade_db.tar.enc'...
[2014/07/27 03:27:18][info] Cycling Started...
[2014/07/27 03:27:18][info] Removing backup package dated 2014.07.22.03.26.03...
[2014/07/27 03:27:18][info] Storage::SCP Finished!
[2014/07/27 03:27:18][info] Cleaning up the package files...
[2014/07/27 03:27:18][info] Backup for 'Backup CitySpade DB (cityspade_db)' Completed Successfully in 00:01:16
[2014/07/27 03:27:18][info] Sending notification using Notifier::Mail...
[2014/07/28 03:26:03][info] Performing Backup for 'Backup CitySpade DB (cityspade_db)'!
[2014/07/28 03:26:03][info] [ backup 4.0.1 : ruby 2.1.0p0 (2013-12-25 revision 44422) [x86_64-linux] ]
[2014/07/28 03:26:03][info] Database::MySQL Started...
[2014/07/28 03:26:03][info] Using Compressor::Gzip for compression.
[2014/07/28 03:26:03][info]   Command: '/usr/bin/gzip'
[2014/07/28 03:26:03][info]   Ext: '.gz'
[2014/07/28 03:27:21][info] Database::MySQL Finished!
[2014/07/28 03:27:21][info] Packaging the backup files...
[2014/07/28 03:27:21][info] Using Encryptor::OpenSSL to encrypt the archive.
[2014/07/28 03:27:25][info] Packaging Complete!
[2014/07/28 03:27:25][info] Cleaning up the temporary files...
[2014/07/28 03:27:25][info] Storage::SCP Started...
[2014/07/28 03:27:28][info] Storing 'test.cityspade.com:backups/cityspade_db/2014.07.28.03.26.03/cityspade_db.tar.enc'...
[2014/07/28 03:27:33][info] Cycling Started...
[2014/07/28 03:27:33][info] Removing backup package dated 2014.07.23.03.26.02...
[2014/07/28 03:27:33][info] Storage::SCP Finished!
[2014/07/28 03:27:33][info] Cleaning up the package files...
[2014/07/28 03:27:33][info] Backup for 'Backup CitySpade DB (cityspade_db)' Completed Successfully in 00:01:30
[2014/07/28 03:27:33][info] Sending notification using Notifier::Mail...
[2014/07/29 03:26:03][info] Performing Backup for 'Backup CitySpade DB (cityspade_db)'!
[2014/07/29 03:26:03][info] [ backup 4.0.1 : ruby 2.1.0p0 (2013-12-25 revision 44422) [x86_64-linux] ]
[2014/07/29 03:26:03][info] Database::MySQL Started...
[2014/07/29 03:26:03][info] Using Compressor::Gzip for compression.
[2014/07/29 03:26:03][info]   Command: '/usr/bin/gzip'
[2014/07/29 03:26:03][info]   Ext: '.gz'
[2014/07/29 03:27:16][info] Database::MySQL Finished!
[2014/07/29 03:27:16][info] Packaging the backup files...
[2014/07/29 03:27:16][info] Using Encryptor::OpenSSL to encrypt the archive.
[2014/07/29 03:27:19][info] Packaging Complete!
[2014/07/29 03:27:19][info] Cleaning up the temporary files...
[2014/07/29 03:27:19][info] Storage::SCP Started...
[2014/07/29 03:27:21][info] Storing 'test.cityspade.com:backups/cityspade_db/2014.07.29.03.26.03/cityspade_db.tar.enc'...
[2014/07/29 03:27:26][info] Cycling Started...
[2014/07/29 03:27:26][info] Removing backup package dated 2014.07.24.03.26.02...
[2014/07/29 03:27:26][info] Storage::SCP Finished!
[2014/07/29 03:27:26][info] Cleaning up the package files...
[2014/07/29 03:27:26][info] Backup for 'Backup CitySpade DB (cityspade_db)' Completed Successfully in 00:01:23
[2014/07/29 03:27:26][info] Sending notification using Notifier::Mail...
[2014/07/30 03:26:03][info] Performing Backup for 'Backup CitySpade DB (cityspade_db)'!
[2014/07/30 03:26:03][info] [ backup 4.0.1 : ruby 2.1.0p0 (2013-12-25 revision 44422) [x86_64-linux] ]
[2014/07/30 03:26:03][info] Database::MySQL Started...
[2014/07/30 03:26:03][info] Using Compressor::Gzip for compression.
[2014/07/30 03:26:03][info]   Command: '/usr/bin/gzip'
[2014/07/30 03:26:03][info]   Ext: '.gz'
[2014/07/30 03:27:33][info] Database::MySQL Finished!
[2014/07/30 03:27:33][info] Packaging the backup files...
[2014/07/30 03:27:33][info] Using Encryptor::OpenSSL to encrypt the archive.
[2014/07/30 03:27:37][info] Packaging Complete!
[2014/07/30 03:27:37][info] Cleaning up the temporary files...
[2014/07/30 03:27:37][info] Storage::SCP Started...
[2014/07/30 03:27:40][info] Storing 'test.cityspade.com:backups/cityspade_db/2014.07.30.03.26.03/cityspade_db.tar.enc'...
[2014/07/30 03:27:44][info] Cycling Started...
[2014/07/30 03:27:44][info] Removing backup package dated 2014.07.25.03.26.03...
[2014/07/30 03:27:45][info] Storage::SCP Finished!
[2014/07/30 03:27:45][info] Cleaning up the package files...
[2014/07/30 03:27:45][info] Backup for 'Backup CitySpade DB (cityspade_db)' Completed Successfully in 00:01:42
[2014/07/30 03:27:45][info] Sending notification using Notifier::Mail...
[2014/07/31 03:26:03][info] Performing Backup for 'Backup CitySpade DB (cityspade_db)'!
[2014/07/31 03:26:03][info] [ backup 4.0.1 : ruby 2.1.0p0 (2013-12-25 revision 44422) [x86_64-linux] ]
[2014/07/31 03:26:03][info] Database::MySQL Started...
[2014/07/31 03:26:03][info] Using Compressor::Gzip for compression.
[2014/07/31 03:26:03][info]   Command: '/usr/bin/gzip'
[2014/07/31 03:26:03][info]   Ext: '.gz'
[2014/07/31 03:27:25][info] Database::MySQL Finished!
[2014/07/31 03:27:25][info] Packaging the backup files...
[2014/07/31 03:27:25][info] Using Encryptor::OpenSSL to encrypt the archive.
[2014/07/31 03:27:29][info] Packaging Complete!
[2014/07/31 03:27:29][info] Cleaning up the temporary files...
[2014/07/31 03:27:29][info] Storage::SCP Started...
[2014/07/31 03:28:15][error] Model::Error: Backup for Backup CitySpade DB (cityspade_db) Failed!
[2014/07/31 03:28:15][error] --- Wrapped Exception ---
[2014/07/31 03:28:15][error] Net::SSH::Disconnect: connection closed by remote host
[2014/07/31 03:28:15][error] 
[2014/07/31 03:28:15][error] Backtrace:
[2014/07/31 03:28:15][error]   /home/ec2-user/.rvm/gems/ruby-2.1.0/gems/net-ssh-2.7.0/lib/net/ssh/transport/server_version.rb:50:in `rescue in block (2 levels) in negotiate!'
[2014/07/31 03:28:15][error]   /home/ec2-user/.rvm/gems/ruby-2.1.0/gems/net-ssh-2.7.0/lib/net/ssh/transport/server_version.rb:46:in `block (2 levels) in negotiate!'
[2014/07/31 03:28:15][error]   /home/ec2-user/.rvm/gems/ruby-2.1.0/gems/net-ssh-2.7.0/lib/net/ssh/transport/server_version.rb:45:in `loop'
[2014/07/31 03:28:15][error]   /home/ec2-user/.rvm/gems/ruby-2.1.0/gems/net-ssh-2.7.0/lib/net/ssh/transport/server_version.rb:45:in `block in negotiate!'
[2014/07/31 03:28:15][error]   /home/ec2-user/.rvm/gems/ruby-2.1.0/gems/net-ssh-2.7.0/lib/net/ssh/transport/server_version.rb:43:in `loop'
[2014/07/31 03:28:15][error]   /home/ec2-user/.rvm/gems/ruby-2.1.0/gems/net-ssh-2.7.0/lib/net/ssh/transport/server_version.rb:43:in `negotiate!'
[2014/07/31 03:28:15][error]   /home/ec2-user/.rvm/gems/ruby-2.1.0/gems/net-ssh-2.7.0/lib/net/ssh/transport/server_version.rb:32:in `initialize'
[2014/07/31 03:28:15][error]   /home/ec2-user/.rvm/gems/ruby-2.1.0/gems/net-ssh-2.7.0/lib/net/ssh/transport/session.rb:78:in `new'
[2014/07/31 03:28:15][error]   /home/ec2-user/.rvm/gems/ruby-2.1.0/gems/net-ssh-2.7.0/lib/net/ssh/transport/session.rb:78:in `block in initialize'
[2014/07/31 03:28:15][error]   /home/ec2-user/.rvm/rubies/ruby-2.1.0/lib/ruby/2.1.0/timeout.rb:67:in `timeout'
[2014/07/31 03:28:15][error]   /home/ec2-user/.rvm/rubies/ruby-2.1.0/lib/ruby/2.1.0/timeout.rb:111:in `timeout'
[2014/07/31 03:28:15][error]   /home/ec2-user/.rvm/gems/ruby-2.1.0/gems/net-ssh-2.7.0/lib/net/ssh/transport/session.rb:78:in `initialize'
[2014/07/31 03:28:15][error]   /home/ec2-user/.rvm/gems/ruby-2.1.0/gems/net-ssh-2.7.0/lib/net/ssh.rb:200:in `new'
[2014/07/31 03:28:15][error]   /home/ec2-user/.rvm/gems/ruby-2.1.0/gems/net-ssh-2.7.0/lib/net/ssh.rb:200:in `start'
[2014/07/31 03:28:15][error]   /home/ec2-user/.rvm/gems/ruby-2.1.0/gems/backup-4.0.1/lib/backup/storage/scp.rb:30:in `connection'
[2014/07/31 03:28:15][error]   /home/ec2-user/.rvm/gems/ruby-2.1.0/gems/backup-4.0.1/lib/backup/storage/scp.rb:36:in `transfer!'
[2014/07/31 03:28:15][error]   /home/ec2-user/.rvm/gems/ruby-2.1.0/gems/backup-4.0.1/lib/backup/storage/base.rb:35:in `perform!'
[2014/07/31 03:28:15][error]   /home/ec2-user/.rvm/gems/ruby-2.1.0/gems/backup-4.0.1/lib/backup/model.rb:269:in `each'
[2014/07/31 03:28:15][error]   /home/ec2-user/.rvm/gems/ruby-2.1.0/gems/backup-4.0.1/lib/backup/model.rb:269:in `block in perform!'
[2014/07/31 03:28:15][error]   /home/ec2-user/.rvm/gems/ruby-2.1.0/gems/backup-4.0.1/lib/backup/model.rb:268:in `each'
[2014/07/31 03:28:15][error]   /home/ec2-user/.rvm/gems/ruby-2.1.0/gems/backup-4.0.1/lib/backup/model.rb:268:in `perform!'
[2014/07/31 03:28:15][error]   /home/ec2-user/.rvm/gems/ruby-2.1.0/gems/backup-4.0.1/lib/backup/cli.rb:153:in `perform'
[2014/07/31 03:28:15][error]   /home/ec2-user/.rvm/gems/ruby-2.1.0/gems/thor-0.18.1/lib/thor/command.rb:27:in `run'
[2014/07/31 03:28:15][error]   /home/ec2-user/.rvm/gems/ruby-2.1.0/gems/thor-0.18.1/lib/thor/invocation.rb:120:in `invoke_command'
[2014/07/31 03:28:15][error]   /home/ec2-user/.rvm/gems/ruby-2.1.0/gems/thor-0.18.1/lib/thor.rb:363:in `dispatch'
[2014/07/31 03:28:15][error]   /home/ec2-user/.rvm/gems/ruby-2.1.0/gems/thor-0.18.1/lib/thor/base.rb:439:in `start'
[2014/07/31 03:28:15][error]   /home/ec2-user/.rvm/gems/ruby-2.1.0/gems/backup-4.0.1/bin/backup:5:in `<top (required)>'
[2014/07/31 03:28:15][error]   /home/ec2-user/.rvm/gems/ruby-2.1.0/bin/backup:23:in `load'
[2014/07/31 03:28:15][error]   /home/ec2-user/.rvm/gems/ruby-2.1.0/bin/backup:23:in `<main>'
[2014/07/31 03:28:15][error]   /home/ec2-user/.rvm/gems/ruby-2.1.0/bin/ruby_executable_hooks:15:in `eval'
[2014/07/31 03:28:15][error]   /home/ec2-user/.rvm/gems/ruby-2.1.0/bin/ruby_executable_hooks:15:in `<main>'
[2014/07/31 03:28:16][warn] Cleaner::Error: Cleanup Warning
[2014/07/31 03:28:16][warn]   The temporary backup folder '/home/ec2-user/Backup/.tmp'
[2014/07/31 03:28:16][warn]   appears to contain the backup files which were to be stored:
[2014/07/31 03:28:16][warn]   /home/ec2-user/Backup/.tmp/cityspade_db.tar.enc
[2014/07/31 03:28:16][warn]   
[2014/07/31 03:28:16][warn]   Make sure you check these files before the next scheduled backup for
[2014/07/31 03:28:16][warn]   'Backup CitySpade DB (cityspade_db)'
[2014/07/31 03:28:16][warn]   These files will be removed at that time!
[2014/07/31 03:28:16][info] Sending notification using Notifier::Mail...
[2014/08/01 03:26:03][info] Performing Backup for 'Backup CitySpade DB (cityspade_db)'!
[2014/08/01 03:26:03][info] [ backup 4.0.1 : ruby 2.1.0p0 (2013-12-25 revision 44422) [x86_64-linux] ]
[2014/08/01 03:26:03][warn] Cleaner::Error: Cleanup Warning
[2014/08/01 03:26:03][warn]   The temporary backup folder '/home/ec2-user/Backup/.tmp'
[2014/08/01 03:26:03][warn]   appears to contain the package files from the previous backup!
[2014/08/01 03:26:03][warn]   /home/ec2-user/Backup/.tmp/cityspade_db.tar.enc
[2014/08/01 03:26:03][warn]   These files will now be removed.
[2014/08/01 03:26:03][warn]   
[2014/08/01 03:26:03][warn]   Please check the log for messages and/or your notifications
[2014/08/01 03:26:03][warn]   concerning this backup: 'Backup CitySpade DB (cityspade_db)'
[2014/08/01 03:26:03][warn]   The temporary files which had to be removed should not have existed.
[2014/08/01 03:26:03][info] Database::MySQL Started...
[2014/08/01 03:26:03][info] Using Compressor::Gzip for compression.
[2014/08/01 03:26:03][info]   Command: '/usr/bin/gzip'
[2014/08/01 03:26:03][info]   Ext: '.gz'
[2014/08/01 03:27:17][info] Database::MySQL Finished!
[2014/08/01 03:27:17][info] Packaging the backup files...
[2014/08/01 03:27:17][info] Using Encryptor::OpenSSL to encrypt the archive.
[2014/08/01 03:27:20][info] Packaging Complete!
[2014/08/01 03:27:20][info] Cleaning up the temporary files...
[2014/08/01 03:27:20][info] Storage::SCP Started...
[2014/08/01 03:27:23][info] Storing 'test.cityspade.com:backups/cityspade_db/2014.08.01.03.26.03/cityspade_db.tar.enc'...
[2014/08/01 03:27:27][info] Cycling Started...
[2014/08/01 03:27:27][info] Removing backup package dated 2014.07.26.03.26.03...
[2014/08/01 03:27:27][info] Storage::SCP Finished!
[2014/08/01 03:27:27][info] Cleaning up the package files...
[2014/08/01 03:27:28][warn] Backup for 'Backup CitySpade DB (cityspade_db)' Completed Successfully (with Warnings) in 00:01:25
[2014/08/01 03:27:28][info] Sending notification using Notifier::Mail...
[2014/08/01 07:22:13][info] Performing Backup for 'Backup CitySpade DB (cityspade_db)'!
[2014/08/01 07:22:13][info] [ backup 4.0.1 : ruby 2.1.0p0 (2013-12-25 revision 44422) [x86_64-linux] ]
[2014/08/01 07:22:13][info] Database::MySQL Started...
[2014/08/01 07:22:13][info] Using Compressor::Gzip for compression.
[2014/08/01 07:22:13][info]   Command: '/bin/gzip'
[2014/08/01 07:22:13][info]   Ext: '.gz'
[2014/08/01 07:23:46][info] Database::MySQL Finished!
[2014/08/01 07:23:46][info] Packaging the backup files...
[2014/08/01 07:23:46][info] Using Encryptor::OpenSSL to encrypt the archive.
[2014/08/01 07:23:53][info] Packaging Complete!
[2014/08/01 07:23:53][info] Cleaning up the temporary files...
[2014/08/01 07:23:53][info] Storage::SCP Started...
[2014/08/01 07:23:54][info] Storing 'test.cityspade.com:backups/cityspade_db/2014.08.01.07.22.13/cityspade_db.tar.enc'...
[2014/08/01 07:24:00][info] Cycling Started...
[2014/08/01 07:24:00][info] Removing backup package dated 2014.07.27.03.26.02...
[2014/08/01 07:24:00][info] Storage::SCP Finished!
[2014/08/01 07:24:00][info] Cleaning up the package files...
[2014/08/01 07:24:00][info] Backup for 'Backup CitySpade DB (cityspade_db)' Completed Successfully in 00:01:47
[2014/08/01 07:24:00][info] Sending notification using Notifier::Mail...
